0 info it worked if it ends with ok
1 verbose cli [ '/opt/atom/resources/app/apm/bin/node',
1 verbose cli   '/opt/atom/resources/app/apm/node_modules/npm/bin/npm-cli.js',
1 verbose cli   'version',
1 verbose cli   'minor',
1 verbose cli   '-m',
1 verbose cli   'Prepare %s release' ]
2 info using npm@2.5.1
3 info using node@v0.10.35
4 info git [ 'status', '--porcelain' ]
5 verbose stack Error: Git working directory not clean.
5 verbose stack M README.md
5 verbose stack M lib/config.coffee
5 verbose stack M lib/settings.coffee
5 verbose stack M styles/atom.less
5 verbose stack M styles/ui-variables.less
5 verbose stack     at /opt/atom/resources/app/apm/node_modules/npm/lib/version.js:138:37
5 verbose stack     at ChildProcess.exithandler (child_process.js:656:7)
5 verbose stack     at ChildProcess.emit (events.js:98:17)
5 verbose stack     at maybeClose (child_process.js:766:16)
5 verbose stack     at Socket.<anonymous> (child_process.js:979:11)
5 verbose stack     at Socket.emit (events.js:95:17)
5 verbose stack     at Pipe.close (net.js:466:12)
6 verbose cwd /home/v3ss/github/steam-pirate-ui
7 error Linux 3.17.0-sabayon
8 error argv "/opt/atom/resources/app/apm/bin/node" "/opt/atom/resources/app/apm/node_modules/npm/bin/npm-cli.js" "version" "minor" "-m" "Prepare %s release"
9 error node v0.10.35
10 error npm  v2.5.1
11 error Git working directory not clean.
11 error M README.md
11 error M lib/config.coffee
11 error M lib/settings.coffee
11 error M styles/atom.less
11 error M styles/ui-variables.less
12 error If you need help, you may report this error at:
12 error     <http://github.com/npm/npm/issues>
13 verbose exit [ 1, true ]
